<?xml version="1.0" encoding="UTF-8"?>
<!-- Generated by org.testng.reporters.JUnitReportReporter -->
<testsuite hostname="DESKTOP-AMIP7MB" failures="0" tests="15" name="testcase.rediff.StockManagment" time="31.740" errors="0" timestamp="2021-11-13T01:13:10 EST" skipped="6">
  <testcase classname="testcase.rediff.StockManagment" name="modifyStock" time="4.922"/>
  <testcase classname="testcase.rediff.StockManagment" name="verifyStockQuantity" time="0.086"/>
  <testcase classname="testcase.rediff.StockManagment" name="verifyStockQuantity" time="0.107"/>
  <testcase classname="testcase.rediff.StockManagment" name="verifyTransactionHistory" time="2.227"/>
  <testcase classname="testcase.rediff.StockManagment" name="modifyStock" time="5.855"/>
  <testcase classname="testcase.rediff.StockManagment" name="addNewStock" time="13.816"/>
  <testcase classname="testcase.rediff.StockManagment" name="verifyStockQuantity" time="0.000">
    <skipped/>
  </testcase> <!-- verifyStockQuantity -->
  <testcase classname="testcase.rediff.StockManagment" name="verifyTransactionHistory" time="2.321"/>
  <testcase classname="testcase.rediff.StockManagment" name="verifyTransactionHistory" time="0.000">
    <skipped/>
  </testcase> <!-- verifyTransactionHistory -->
  <testcase classname="testcase.rediff.StockManagment" name="verifyStockQuantity" time="0.000">
    <skipped/>
  </testcase> <!-- verifyStockQuantity -->
  <testcase classname="testcase.rediff.StockManagment" name="verifyStockQuantity" time="0.126"/>
  <testcase classname="testcase.rediff.StockManagment" name="addNewStock" time="0.000">
    <skipped/>
  </testcase> <!-- addNewStock -->
  <testcase classname="testcase.rediff.StockManagment" name="modifyStock" time="0.000">
    <skipped/>
  </testcase> <!-- modifyStock -->
  <testcase classname="testcase.rediff.StockManagment" name="verifyTransactionHistory" time="0.001">
    <skipped/>
  </testcase> <!-- verifyTransactionHistory -->
  <testcase classname="testcase.rediff.StockManagment" name="verifyTransactionHistory" time="2.279"/>
</testsuite> <!-- testcase.rediff.StockManagment -->
