<?xml version="1.0" encoding="UTF-8"?>
<!-- Generated by org.testng.reporters.JUnitReportReporter -->
<testsuite hostname="DESKTOP-AMIP7MB" failures="0" tests="1" name="Testcases.Testcases" time="4.092" errors="0" timestamp="2021-10-21T18:04:48 EDT" skipped="0">
  <testcase classname="Testcases.Testcases" name="createPortfolioTest" time="4.092"/>
</testsuite> <!-- Testcases.Testcases -->
