<?xml version="1.0" encoding="UTF-8"?>
<!-- Generated by org.testng.reporters.JUnitReportReporter -->
<testsuite skipped="0" hostname="DESKTOP-AMIP7MB" name="testcase.rediff.StockManagment" tests="4" failures="0" timestamp="2021-11-03T00:27:36 EDT" time="9.867" errors="0">
  <testcase name="verifyTransactionHistory" time="2.773" classname="testcase.rediff.StockManagment"/>
  <testcase name="verifyStockQuantity" time="0.562" classname="testcase.rediff.StockManagment"/>
  <testcase name="verifyStockPresence" time="0.499" classname="testcase.rediff.StockManagment"/>
  <testcase name="modifyStock" time="6.033" classname="testcase.rediff.StockManagment"/>
</testsuite> <!-- testcase.rediff.StockManagment -->
