<?xml version="1.0" encoding="UTF-8"?>
<!-- Generated by org.testng.reporters.JUnitReportReporter -->
<testsuite skipped="0" hostname="DESKTOP-AMIP7MB" name="testcase.rediff.PortfolioManagment" tests="2" failures="0" timestamp="2021-11-03T00:27:36 EDT" time="19.552" errors="0">
  <testcase name="DeletePortfolio" time="14.593" classname="testcase.rediff.PortfolioManagment"/>
  <testcase name="SelectPortfolio" time="4.959" classname="testcase.rediff.PortfolioManagment"/>
</testsuite> <!-- testcase.rediff.PortfolioManagment -->
