<?xml version="1.0" encoding="UTF-8"?>
<!-- Generated by org.testng.reporters.JUnitReportReporter -->
<testsuite skipped="0" hostname="DESKTOP-AMIP7MB" name="testcase.rediff.Session" tests="2" failures="0" timestamp="2021-11-03T00:27:36 EDT" time="94.433" errors="0">
  <testcase name="doLogin" time="34.705" classname="testcase.rediff.Session"/>
  <testcase name="doLogin" time="59.728" classname="testcase.rediff.Session"/>
</testsuite> <!-- testcase.rediff.Session -->
